mode: set
olshop/handler/customer/customer.go:21.87,23.2 1 1
olshop/handler/customer/customer.go:25.58,30.16 3 1
olshop/handler/customer/customer.go:36.2,38.16 3 1
olshop/handler/customer/customer.go:44.2,51.16 6 1
olshop/handler/customer/customer.go:57.2,58.16 2 0
olshop/handler/customer/customer.go:65.2,74.33 4 0
olshop/handler/customer/customer.go:30.16,34.3 3 1
olshop/handler/customer/customer.go:38.16,42.3 3 1
olshop/handler/customer/customer.go:51.16,55.3 3 1
olshop/handler/customer/customer.go:58.16,63.3 3 0
olshop/handler/customer/customer.go:78.49,82.16 3 1
olshop/handler/customer/customer.go:88.2,89.16 2 1
olshop/handler/customer/customer.go:95.2,96.16 2 1
olshop/handler/customer/customer.go:102.2,112.33 4 1
olshop/handler/customer/customer.go:82.16,86.3 3 0
olshop/handler/customer/customer.go:89.16,93.3 3 1
olshop/handler/customer/customer.go:96.16,100.3 3 0
olshop/handler/customer/customer.go:116.63,122.16 4 0
olshop/handler/customer/customer.go:128.2,129.16 2 0
olshop/handler/customer/customer.go:135.2,137.33 2 0
olshop/handler/customer/customer.go:122.16,126.3 3 0
olshop/handler/customer/customer.go:129.16,133.3 3 0
olshop/handler/customer/customer.go:141.56,143.16 2 0
olshop/handler/customer/customer.go:149.2,152.16 3 0
olshop/handler/customer/customer.go:158.2,159.16 2 0
olshop/handler/customer/customer.go:165.2,168.16 3 0
olshop/handler/customer/customer.go:174.2,176.33 2 0
olshop/handler/customer/customer.go:143.16,147.3 3 0
olshop/handler/customer/customer.go:152.16,156.3 3 0
olshop/handler/customer/customer.go:159.16,163.3 3 0
olshop/handler/customer/customer.go:168.16,172.3 3 0
olshop/handler/customer/customer.go:179.58,186.16 5 1
olshop/handler/customer/customer.go:191.2,193.33 2 0
olshop/handler/customer/customer.go:186.16,190.3 3 1
olshop/handler/customer/customer.go:197.57,204.16 4 1
olshop/handler/customer/customer.go:210.2,212.33 2 0
olshop/handler/customer/customer.go:204.16,208.3 3 1
